<?xml version="1.0" encoding="UTF-8"?><testsuite errors="0" failures="0" name="com.herokuapp.booker.bookininfo.CRUDTest" skipped="0" tests="6" time="8.09" timestamp="2023-08-07T09:49:42.495+01:00[Europe/London]"><testcase classname="com.herokuapp.booker.bookininfo.CRUDTest" name="create token"/><testcase classname="com.herokuapp.booker.bookininfo.CRUDTest" name="Get All booking Id"/><testcase classname="com.herokuapp.booker.bookininfo.CRUDTest" name="Create booking "/><testcase classname="com.herokuapp.booker.bookininfo.CRUDTest" name="Get user by single Id"/><testcase classname="com.herokuapp.booker.bookininfo.CRUDTest" name="update booking "/><testcase classname="com.herokuapp.booker.bookininfo.CRUDTest" name="Delete booking"/></testsuite>